<?xml version="1.0" encoding="UTF-8"?>
<testng-results ignored="0" total="1" passed="1" failed="0" skipped="0">
  <reporter-output>
  </reporter-output>
  <suite started-at="2024-03-17T13:25:28 IST" name="Default suite" finished-at="2024-03-17T13:25:46 IST" duration-ms="18117">
    <groups>
    </groups>
    <test started-at="2024-03-17T13:25:28 IST" name="Default test" finished-at="2024-03-17T13:25:46 IST" duration-ms="18117">
      <class name="POM.lauchbyusingstoredelement">
        <test-method signature="launch()[pri:0, instance:POM.lauchbyusingstoredelement@64a1923a]" started-at="2024-03-17T13:25:28 IST" name="launch" finished-at="2024-03-17T13:25:46 IST" duration-ms="17762" status="PASS">
          <reporter-output>
          </reporter-output>
        </test-method> <!-- launch -->
      </class> <!-- POM.lauchbyusingstoredelement -->
    </test> <!-- Default test -->
  </suite> <!-- Default suite -->
</testng-results>
