<?xml version="1.0" encoding="UTF-8"?>
<testng-results ignored="0" total="1" passed="1" failed="0" skipped="0">
  <reporter-output>
  </reporter-output>
  <suite started-at="2024-03-17T23:40:05 IST" name="Default suite" finished-at="2024-03-17T23:40:52 IST" duration-ms="46779">
    <groups>
    </groups>
    <test started-at="2024-03-17T23:40:05 IST" name="Default test" finished-at="2024-03-17T23:40:52 IST" duration-ms="46779">
      <class name="Categories.Login">
        <test-method signature="login()[pri:0, instance:Categories.Login@1ffaf86]" started-at="2024-03-17T23:40:06 IST" name="login" finished-at="2024-03-17T23:40:52 IST" duration-ms="46319" status="PASS">
          <reporter-output>
          </reporter-output>
        </test-method> <!-- login -->
      </class> <!-- Categories.Login -->
    </test> <!-- Default test -->
  </suite> <!-- Default suite -->
</testng-results>
